Build started 10.10.2015 21:03:21.
     1>Project "D:\Topaz\svn\extensions\build\vs2012win32\NvModel.vcxproj" on node 3 (Rebuild target(s)).
     1>ClCompile:
         C:\Program Files (x86)\Microsoft Visual Studio 12.0\VC\bin\CL.exe /c /I./../../src/NvModel /I./../../include /I./../../externals/include/GLFW /Zi /nologo /W3 /WX /Od /Oi /Oy- /D WIN32 /D _WIN32 /D _LIB /D _DEBUG /D PROFILE /D _ITERATOR_DEBUG_LEVEL=0 /Gm- /EHsc /MTd /GS /fp:fast /Zc:wchar_t /Zc:forScope /Fo"./intermediate/NvModel/vs2012x86/release/" /Fd"./intermediate/NvModel/vs2012x86/release/vc120.pdb" /Gd /TP /analyze- /errorReport:prompt /Oy- /EHsc /wd4748 /wd4100 /wd4201 ..\..\src\NvModel\NvGLModel.cpp ..\..\src\NvModel\NvModel.cpp ..\..\src\NvModel\NvModelObj.cpp ..\..\src\NvModel\NvModelQuery.cpp ..\..\src\NvModel\NvShapes.cpp
         NvGLModel.cpp
         NvModel.cpp
         NvModelObj.cpp
         NvModelQuery.cpp
         NvShapes.cpp
         Generating Code...
       Lib:
         C:\Program Files (x86)\Microsoft Visual Studio 12.0\VC\bin\Lib.exe /OUT:"./../../lib/vs2012x86\libNvModelD.lib" /NOLOGO /MACHINE:X86 /MACHINE:x86 /SUBSYSTEM:WINDOWS /NOLOGO ./intermediate/NvModel/vs2012x86/release/NvGLModel.obj
         ./intermediate/NvModel/vs2012x86/release/NvModel.obj
         ./intermediate/NvModel/vs2012x86/release/NvModelObj.obj
         ./intermediate/NvModel/vs2012x86/release/NvModelQuery.obj
         ./intermediate/NvModel/vs2012x86/release/NvShapes.obj
         NvModel.vcxproj -> D:\Topaz\svn\extensions\build\vs2012win32\./../../lib/vs2012x86\libNvModelD.lib
     1>Done Building Project "D:\Topaz\svn\extensions\build\vs2012win32\NvModel.vcxproj" (Rebuild target(s)).

Build succeeded.

Time Elapsed 00:00:04.63
