d:\topaz\svn\extensions\build\vs2012win32\intermediate\nvui\vs2012x86\release\vc120.pdb
d:\topaz\svn\extensions\build\vs2012win32\intermediate\nvui\vs2012x86\release\nvuiwindow.obj
d:\topaz\svn\extensions\build\vs2012win32\intermediate\nvui\vs2012x86\release\nvuivaluetext.obj
d:\topaz\svn\extensions\build\vs2012win32\intermediate\nvui\vs2012x86\release\nvuivaluebar.obj
d:\topaz\svn\extensions\build\vs2012win32\intermediate\nvui\vs2012x86\release\nvuitexture.obj
d:\topaz\svn\extensions\build\vs2012win32\intermediate\nvui\vs2012x86\release\nvuitext.obj
d:\topaz\svn\extensions\build\vs2012win32\intermediate\nvui\vs2012x86\release\nvuislider.obj
d:\topaz\svn\extensions\build\vs2012win32\intermediate\nvui\vs2012x86\release\nvuipopup.obj
d:\topaz\svn\extensions\build\vs2012win32\intermediate\nvui\vs2012x86\release\nvuigraphicframe.obj
d:\topaz\svn\extensions\build\vs2012win32\intermediate\nvui\vs2012x86\release\nvuigraphic.obj
d:\topaz\svn\extensions\build\vs2012win32\intermediate\nvui\vs2012x86\release\nvuicontainer.obj
d:\topaz\svn\extensions\build\vs2012win32\intermediate\nvui\vs2012x86\release\nvuibutton.obj
d:\topaz\svn\extensions\build\vs2012win32\intermediate\nvui\vs2012x86\release\nvui.obj
d:\topaz\svn\extensions\build\vs2012win32\intermediate\nvui\vs2012x86\release\nvtweakvar.obj
d:\topaz\svn\extensions\build\vs2012win32\intermediate\nvui\vs2012x86\release\nvtweakbar.obj
d:\topaz\svn\extensions\build\vs2012win32\intermediate\nvui\vs2012x86\release\nvgesturedetector.obj
d:\topaz\svn\extensions\build\vs2012win32\intermediate\nvui\vs2012x86\release\nvembeddedasset.obj
d:\topaz\svn\extensions\build\vs2012win32\intermediate\nvui\vs2012x86\release\nvbitfont.obj
d:\topaz\svn\extensions\lib\vs2012x86\libnvuid.lib
d:\topaz\svn\extensions\build\vs2012win32\./../../lib/vs2012x86\libnvuid.lib
d:\topaz\svn\extensions\build\vs2012win32\intermediate\nvui\vs2012x86\release\nvui.tlog\cl.command.1.tlog
d:\topaz\svn\extensions\build\vs2012win32\intermediate\nvui\vs2012x86\release\nvui.tlog\cl.read.1.tlog
d:\topaz\svn\extensions\build\vs2012win32\intermediate\nvui\vs2012x86\release\nvui.tlog\cl.write.1.tlog
d:\topaz\svn\extensions\build\vs2012win32\intermediate\nvui\vs2012x86\release\nvui.tlog\lib-link.read.1.tlog
d:\topaz\svn\extensions\build\vs2012win32\intermediate\nvui\vs2012x86\release\nvui.tlog\lib-link.write.1.tlog
d:\topaz\svn\extensions\build\vs2012win32\intermediate\nvui\vs2012x86\release\nvui.tlog\lib.command.1.tlog
