Build started 10.10.2015 21:03:21.
     1>Project "D:\Topaz\svn\extensions\build\vs2012win32\NvUI.vcxproj" on node 6 (Rebuild target(s)).
     1>ClCompile:
         C:\Program Files (x86)\Microsoft Visual Studio 12.0\VC\bin\CL.exe /c /I./../../src/NvUI /I./../../include /I./../../externals/include/GLFW /Zi /nologo /W3 /WX /Od /Oi /Oy- /D WIN32 /D _WIN32 /D _LIB /D _DEBUG /D PROFILE /D _ITERATOR_DEBUG_LEVEL=0 /Gm- /EHsc /MTd /GS /fp:fast /Zc:wchar_t /Zc:forScope /Fo"./intermediate/NvUI/vs2012x86/release/" /Fd"./intermediate/NvUI/vs2012x86/release/vc120.pdb" /Gd /TP /analyze- /errorReport:prompt /Oy- /EHsc /wd4748 /wd4100 /wd4201 ..\..\src\NvUI\NvBitFont.cpp ..\..\src\NvUI\NvEmbeddedAsset.cpp ..\..\src\NvUI\NvGestureDetector.cpp ..\..\src\NvUI\NvTweakBar.cpp ..\..\src\NvUI\NvTweakVar.cpp ..\..\src\NvUI\NvUI.cpp ..\..\src\NvUI\NvUIButton.cpp ..\..\src\NvUI\NvUIContainer.cpp ..\..\src\NvUI\NvUIGraphic.cpp ..\..\src\NvUI\NvUIGraphicFrame.cpp ..\..\src\NvUI\NvUIPopup.cpp ..\..\src\NvUI\NvUISlider.cpp ..\..\src\NvUI\NvUIText.cpp ..\..\src\NvUI\NvUITexture.cpp ..\..\src\NvUI\NvUIValueBar.cpp ..\..\src\NvUI\NvUIValueText.cpp ..\..\src\NvUI\NvUIWindow.cpp
         NvBitFont.cpp
         NvEmbeddedAsset.cpp
         NvGestureDetector.cpp
         NvTweakBar.cpp
         NvTweakVar.cpp
         NvUI.cpp
         NvUIButton.cpp
         NvUIContainer.cpp
         NvUIGraphic.cpp
         NvUIGraphicFrame.cpp
         NvUIPopup.cpp
         NvUISlider.cpp
         NvUIText.cpp
         NvUITexture.cpp
         NvUIValueBar.cpp
         NvUIValueText.cpp
         NvUIWindow.cpp
         Generating Code...
       Lib:
         C:\Program Files (x86)\Microsoft Visual Studio 12.0\VC\bin\Lib.exe /OUT:"./../../lib/vs2012x86\libNvUID.lib" /NOLOGO /MACHINE:X86 /MACHINE:x86 /SUBSYSTEM:WINDOWS /NOLOGO ./intermediate/NvUI/vs2012x86/release/NvBitFont.obj
         ./intermediate/NvUI/vs2012x86/release/NvEmbeddedAsset.obj
         ./intermediate/NvUI/vs2012x86/release/NvGestureDetector.obj
         ./intermediate/NvUI/vs2012x86/release/NvTweakBar.obj
         ./intermediate/NvUI/vs2012x86/release/NvTweakVar.obj
         ./intermediate/NvUI/vs2012x86/release/NvUI.obj
         ./intermediate/NvUI/vs2012x86/release/NvUIButton.obj
         ./intermediate/NvUI/vs2012x86/release/NvUIContainer.obj
         ./intermediate/NvUI/vs2012x86/release/NvUIGraphic.obj
         ./intermediate/NvUI/vs2012x86/release/NvUIGraphicFrame.obj
         ./intermediate/NvUI/vs2012x86/release/NvUIPopup.obj
         ./intermediate/NvUI/vs2012x86/release/NvUISlider.obj
         ./intermediate/NvUI/vs2012x86/release/NvUIText.obj
         ./intermediate/NvUI/vs2012x86/release/NvUITexture.obj
         ./intermediate/NvUI/vs2012x86/release/NvUIValueBar.obj
         ./intermediate/NvUI/vs2012x86/release/NvUIValueText.obj
         ./intermediate/NvUI/vs2012x86/release/NvUIWindow.obj
         NvUI.vcxproj -> D:\Topaz\svn\extensions\build\vs2012win32\./../../lib/vs2012x86\libNvUID.lib
     1>Done Building Project "D:\Topaz\svn\extensions\build\vs2012win32\NvUI.vcxproj" (Rebuild target(s)).

Build succeeded.

Time Elapsed 00:00:06.42
